c:\users\cyber_user\source\repos\hw1_datastructures\hw1_data.d7ca1f2e\x64\debug\vc143.pdb
c:\users\cyber_user\source\repos\hw1_datastructures\hw1_data.d7ca1f2e\x64\debug\vc143.idb
c:\users\cyber_user\source\repos\hw1_datastructures\hw1_data.d7ca1f2e\x64\debug\hw1_datastructures.obj
c:\users\cyber_user\source\repos\hw1_datastructures\hw1_data.d7ca1f2e\x64\debug\part1tester.obj
c:\users\cyber_user\source\repos\hw1_datastructures\hw1_data.d7ca1f2e\x64\debug\hw1_datastructures.ilk
c:\users\cyber_user\source\repos\hw1_datastructures\x64\debug\hw1_datastructures.pdb
c:\users\cyber_user\source\repos\hw1_datastructures\hw1_data.d7ca1f2e\x64\debug\hw1_data.d7ca1f2e.tlog\cl.command.1.tlog
c:\users\cyber_user\source\repos\hw1_datastructures\hw1_data.d7ca1f2e\x64\debug\hw1_data.d7ca1f2e.tlog\cl.items.tlog
c:\users\cyber_user\source\repos\hw1_datastructures\hw1_data.d7ca1f2e\x64\debug\hw1_data.d7ca1f2e.tlog\cl.read.1.tlog
c:\users\cyber_user\source\repos\hw1_datastructures\hw1_data.d7ca1f2e\x64\debug\hw1_data.d7ca1f2e.tlog\cl.write.1.tlog
c:\users\cyber_user\source\repos\hw1_datastructures\hw1_data.d7ca1f2e\x64\debug\hw1_data.d7ca1f2e.tlog\link.18172-cvtres.read.1.tlog
c:\users\cyber_user\source\repos\hw1_datastructures\hw1_data.d7ca1f2e\x64\debug\hw1_data.d7ca1f2e.tlog\link.18172-cvtres.write.1.tlog
c:\users\cyber_user\source\repos\hw1_datastructures\hw1_data.d7ca1f2e\x64\debug\hw1_data.d7ca1f2e.tlog\link.18172-rc.read.1.tlog
c:\users\cyber_user\source\repos\hw1_datastructures\hw1_data.d7ca1f2e\x64\debug\hw1_data.d7ca1f2e.tlog\link.18172-rc.write.1.tlog
c:\users\cyber_user\source\repos\hw1_datastructures\hw1_data.d7ca1f2e\x64\debug\hw1_data.d7ca1f2e.tlog\link.18172.read.1.tlog
c:\users\cyber_user\source\repos\hw1_datastructures\hw1_data.d7ca1f2e\x64\debug\hw1_data.d7ca1f2e.tlog\link.18172.read.2.tlog
c:\users\cyber_user\source\repos\hw1_datastructures\hw1_data.d7ca1f2e\x64\debug\hw1_data.d7ca1f2e.tlog\link.18172.write.1.tlog
c:\users\cyber_user\source\repos\hw1_datastructures\hw1_data.d7ca1f2e\x64\debug\hw1_data.d7ca1f2e.tlog\link.command.1.tlog
c:\users\cyber_user\source\repos\hw1_datastructures\hw1_data.d7ca1f2e\x64\debug\hw1_data.d7ca1f2e.tlog\link.read.1.tlog
c:\users\cyber_user\source\repos\hw1_datastructures\hw1_data.d7ca1f2e\x64\debug\hw1_data.d7ca1f2e.tlog\link.secondary.1.tlog
c:\users\cyber_user\source\repos\hw1_datastructures\hw1_data.d7ca1f2e\x64\debug\hw1_data.d7ca1f2e.tlog\link.write.1.tlog
